
[2018-02-23 02:46:05,015] INFO: tpe_transform took 0.003955 seconds
[2018-02-23 02:46:05,015] INFO: TPE using 0 trials
[2018-02-23 02:46:05,016] INFO:       MAX_NUM_BIGRAMS: 50000
[2018-02-23 02:46:05,016] INFO:       MAX_NUM_BRANDS: 4809
[2018-02-23 02:46:05,017] INFO:       MAX_NUM_CATEGORIES: 1289
[2018-02-23 02:46:05,017] INFO:       MAX_NUM_CATEGORIES_LST: (12, 115, 871)
[2018-02-23 02:46:05,017] INFO:       MAX_NUM_CONDITIONS: 5
[2018-02-23 02:46:05,017] INFO:       MAX_NUM_SHIPPINGS: 2
[2018-02-23 02:46:05,017] INFO:       MAX_NUM_SUBWORDS: 20000
[2018-02-23 02:46:05,017] INFO:       MAX_NUM_TRIGRAMS: 50000
[2018-02-23 02:46:05,017] INFO:       MAX_NUM_WORDS: 80000
[2018-02-23 02:46:05,017] INFO:       NUM_VARS_DIM: 3
[2018-02-23 02:46:05,017] INFO:       RUNNING_MODE: validation
[2018-02-23 02:46:05,017] INFO:       attend_method: ave
[2018-02-23 02:46:05,017] INFO:       base_lr: 1e-05
[2018-02-23 02:46:05,017] INFO:       batch_size_inference: 1024
[2018-02-23 02:46:05,017] INFO:       batch_size_train: 512
[2018-02-23 02:46:05,017] INFO:       beta1: 0.975
[2018-02-23 02:46:05,017] INFO:       beta2: 0.999
[2018-02-23 02:46:05,017] INFO:       cnn_filter_sizes: (2, 3)
[2018-02-23 02:46:05,017] INFO:       cnn_num_filters: 16
[2018-02-23 02:46:05,017] INFO:       cnn_timedistributed: False
[2018-02-23 02:46:05,017] INFO:       embedding_dim: 250
[2018-02-23 02:46:05,018] INFO:       embedding_dropout: 0.0
[2018-02-23 02:46:05,018] INFO:       embedding_mask_zero: False
[2018-02-23 02:46:05,018] INFO:       embedding_mask_zero_subword: False
[2018-02-23 02:46:05,018] INFO:       enable_deep: True
[2018-02-23 02:46:05,018] INFO:       enable_fm_first_order: True
[2018-02-23 02:46:05,018] INFO:       enable_fm_higher_order: False